I 2025-11-16T04:21:03.915514763Z telegram.error.BadRequest: Message to edit not found
2025-11-16T04:21:03.915516754Z 
2025-11-16T04:21:03.915518924Z During handling of the above exception, another exception occurred:
2025-11-16T04:21:03.915520844Z 
2025-11-16T04:21:03.915522814Z Traceback (most recent call last):
2025-11-16T04:21:03.915524874Z   File "/opt/render/project/src/.venv/lib/python3.11/site-packages/telegram/ext/_application.py", line 1315, in process_update
2025-11-16T04:21:03.915526964Z     await coroutine
2025-11-16T04:21:03.915529024Z   File "/opt/render/project/src/.venv/lib/python3.11/site-packages/telegram/ext/_handlers/basehandler.py", line 159, in handle_update
2025-11-16T04:21:03.915531054Z     return await self.callback(update, context)
2025-11-16T04:21:03.915536584Z            ^^^^^^^^^^^^^^^^^^^^^^^^^^^^^^^^^^^^
2025-11-16T04:21:03.915538875Z   File "/opt/render/project/src/bot.py", line 1930, in record_user_message
2025-11-16T04:21:03.915540915Z     await state_handlers[popped_state]()
2025-11-16T04:21:03.915542915Z   File "/opt/render/project/src/bot.py", line 1449, in handle_media_download
2025-11-16T04:21:03.915544915Z     await download_pinterest_content(update, context, url=url)
2025-11-16T04:21:03.915547335Z   File "/opt/render/project/src/bot.py", line 1470, in download_pinterest_content
2025-11-16T04:21:03.915549405Z     await send_pinterest_result(update, context, result, feedback)
2025-11-16T04:21:03.915551465Z   File "/opt/render/project/src/bot.py", line 1675, in send_pinterest_result
2025-11-16T04:21:03.915553436Z     await feedback.edit_text(f"[Error] Failed to send: {str(e)[:50]}")
2025-11-16T04:21:03.915555516Z   File "/opt/render/project/src/.venv/lib/python3.11/site-packages/telegram/_message.py", line 4142, in edit_text
2025-11-16T04:21:03.915557576Z     return await self.get_bot().edit_message_text(
2025-11-16T04:21:03.915575557Z            ^^^^^^^^^^^^^^^^^^^^^^^^^^^^^^^^^^^^^^^
2025-11-16T04:21:03.915578157Z   File "/opt/render/project/src/.venv/lib/python3.11/site-packages/telegram/ext/_extbot.py", line 1735, in edit_message_text
2025-11-16T04:21:03.915580277Z     return await super().edit_message_text(
2025-11-16T04:21:03.915582357Z            ^^^^^^^^^^^^^^^^^^^^^^^^^^^^^^^^
2025-11-16T04:21:03.915584437Z   File "/opt/render/project/src/.venv/lib/python3.11/site-packages/telegram/_bot.py", line 4463, in edit_message_text
2025-11-16T04:21:03.915586437Z     return await self._send_message(
2025-11-16T04:21:03.915588438Z            ^^^^^^^^^^^^^^^^^^^^^^^^^
2025-11-16T04:21:03.915590478Z   File "/opt/render/project/src/.venv/lib/python3.11/site-packages/telegram/ext/_extbot.py", line 634, in _send_message
2025-11-16T04:21:03.915592518Z     result = await super()._send_message(
2025-11-16T04:21:03.915594498Z              ^^^^^^^^^^^^^^^^^^^^^^^^^^^^
2025-11-16T04:21:03.915596598Z   File "/opt/render/project/src/.venv/lib/python3.11/site-packages/telegram/_bot.py", line 819, in _send_message
2025-11-16T04:21:03.915598688Z     result = await self._post(
2025-11-16T04:21:03.915600728Z              ^^^^^^^^^^^^^^^^^
2025-11-16T04:21:03.915602758Z   File "/opt/render/project/src/.venv/lib/python3.11/site-packages/telegram/_bot.py", line 703, in _post
2025-11-16T04:21:03.915604818Z     return await self._do_post(
2025-11-16T04:21:03.915606819Z            ^^^^^^^^^^^^^^^^^^^^
2025-11-16T04:21:03.915608888Z   File "/opt/render/project/src/.venv/lib/python3.11/site-packages/telegram/ext/_extbot.py", line 392, in _do_post
2025-11-16T04:21:03.915611259Z     return await self.rate_limiter.process_request(
2025-11-16T04:21:03.915613359Z            ^^^^^^^^^^^^^^^^^^^^^^^^^^^^^^^^^^^^^^^^
2025-11-16T04:21:03.915615359Z   File "/opt/render/project/src/.venv/lib/python3.11/site-packages/telegram/ext/_aioratelimiter.py", line 277, in process_request
2025-11-16T04:21:03.915617399Z     return await self._run_request(
2025-11-16T04:21:03.915619389Z            ^^^^^^^^^^^^^^^^^^^^^^^^
2025-11-16T04:21:03.915621429Z   File "/opt/render/project/src/.venv/lib/python3.11/site-packages/telegram/ext/_aioratelimiter.py", line 234, in _run_request
2025-11-16T04:21:03.915623649Z     return await inner()
2025-11-16T04:21:03.915625649Z            ^^^^^^^^^^^^^
2025-11-16T04:21:03.91562768Z   File "/opt/render/project/src/.venv/lib/python3.11/site-packages/telegram/ext/_aioratelimiter.py", line 220, in inner
2025-11-16T04:21:03.91562972Z     return await callback(*args, **kwargs)
2025-11-16T04:21:03.91563178Z            ^^^^^^^^^^^^^^^^^^^^^^^^^^^^^^^
2025-11-16T04:21:03.91563746Z   File "/opt/render/project/src/.venv/lib/python3.11/site-packages/telegram/_bot.py", line 732, in _do_post
2025-11-16T04:21:03.91563962Z     result = await request.post(
2025-11-16T04:21:03.91564166Z              ^^^^^^^^^^^^^^^^^^^
2025-11-16T04:21:03.91564373Z   File "/opt/render/project/src/.venv/lib/python3.11/site-packages/telegram/request/_baserequest.py", line 198, in post
2025-11-16T04:21:03.91564573Z     result = await self._request_wrapper(
2025-11-16T04:21:03.915647831Z              ^^^^^^^^^^^^^^^^^^^^^^^^^^^^
2025-11-16T04:21:03.915649881Z   File "/opt/render/project/src/.venv/lib/python3.11/site-packages/telegram/request/_baserequest.py", line 375, in _request_wrapper
2025-11-16T04:21:03.915651911Z     raise exception
2025-11-16T04:21:03.915653981Z telegram.error.BadRequest: Message to edit not found
2025-11-16T04:23:20.00330242Z ==> Detected service running on port 10000
2025-11-16T04:23:20.155075285Z ==> Docs on specifying a port: https://render.com/docs/web-services#port-binding
2025-11-16T04:25:19.658590302Z ==> Deploying...
2025-11-16T04:26:23.478198241Z 2025-11-16 04:26:23,478 - telegram.ext.Application - INFO - Application started
2025-11-16T04:26:24.147289596Z ==> No open ports detected, continuing to scan...
2025-11-16T04:26:24.29039943Z ==> Docs on specifying a port: https://render.com/docs/web-services#port-binding
2025-11-16T04:26:30.509271916Z ==> Your service is live ðŸŽ‰
2025-11-16T04:26:30.540768342Z ==> 
2025-11-16T04:26:30.56816568Z ==> ///////////////////////////////////////////////////////////
2025-11-16T04:26:30.594230947Z ==> 
2025-11-16T04:26:30.619735885Z ==> Available at your primary URL https://tg-tag-jf1z.onrender.com
2025-11-16T04:26:30.646341462Z ==> 
2025-11-16T04:26:30.671748319Z ==> ///////////////////////////////////////////////////////////
2025-11-16T04:26:32.642095124Z 2025-11-16 04:26:32,634 - apscheduler.executors.default - INFO - Running job "auto_ping (trigger: interval[0:10:00], next run at: 2025-11-16 04:36:32 UTC)" (scheduled at 2025-11-16 04:26:32.633321+00:00)
2025-11-16T04:26:32.837698089Z 2025-11-16 04:26:32,837 - __main__ - INFO - Auto-ping successful.
2025-11-16T04:26:32.838907829Z 2025-11-16 04:26:32,838 - apscheduler.executors.default - INFO - Job "auto_ping (trigger: interval[0:10:00], next run at: 2025-11-16 04:36:32 UTC)" executed successfully
2025-11-16T04:27:30.410105575Z 2025-11-16 04:27:30,409 - telegram.ext.Application - INFO - Application is stopping. This might take a moment.
2025-11-16T04:27:30.410269414Z 2025-11-16 04:27:30,410 - apscheduler.scheduler - INFO - Scheduler has been shut down
2025-11-16T04:27:30.420555598Z 2025-11-16 04:27:30,420 - telegram.ext.Application - INFO - Application.stop() complete
2025-11-16T04:27:34.964097031Z 
[download]   0.0% of    4.96MiB at  Unknown B/s ETA Unknown
[download]   0.1% of    4.96MiB at  Unknown B/s ETA Unknown
[download]   0.1% of    4.96MiB at    5.54MiB/s ETA 00:00  
[download]   0.3% of    4.96MiB at    8.95MiB/s ETA 00:00
[download]   0.6% of    4.96MiB at  540.95KiB/s ETA 00:09
[download]   1.2% of    4.96MiB at    1.05MiB/s ETA 00:04
[download]   2.5% of    4.96MiB at    1.05MiB/s ETA 00:04
[download]   5.0% of    4.96MiB at    1.37MiB/s ETA 00:03
[download]  10.1% of    4.96MiB at    2.11MiB/s ETA 00:02
[download]  20.1% of    4.96MiB at    3.38MiB/s ETA 00:01
[download]  40.3% of    4.96MiB at    5.60MiB/s ETA 00:00
[download]  80.6% of    4.96MiB at    9.63MiB/s ETA 00:00
[download] 100.0% of    4.96MiB at   11.83MiB/s ETA 00:00
[download] 100% of    4.96MiB in 00:00:00 at 6.82MiB/s   
                                                      

2025-11-16T04:31:20.490077884Z 2025-11-16 04:31:20,489 - httpx - INFO - HTTP Request: POST https://api.telegram.org/bot7806461656:AAFJLm-gOKgKrvPY06b0QTE1fKlVR9waOsQ/sendMessage "HTTP/1.1 200 OK"
2025-11-16T04:31:21.650450804Z 2025-11-16 04:31:21,650 - httpx - INFO - HTTP Request: POST https://api.telegram.org/bot7806461656:AAFJLm-gOKgKrvPY06b0QTE1fKlVR9waOsQ/answerCallbackQuery "HTTP/1.1 200 OK"
2025-11-16T04:31:21.82934584Z 2025-11-16 04:31:21,829 - httpx - INFO - HTTP Request: POST https://api.telegram.org/bot7806461656:AAFJLm-gOKgKrvPY06b0QTE1fKlVR9waOsQ/editMessageText "HTTP/1.1 200 OK"
2025-11-16T04:31:24.816751131Z 2025-11-16 04:31:24,816 - httpx - INFO - HTTP Request: POST https://api.telegram.org/bot7806461656:AAFJLm-gOKgKrvPY06b0QTE1fKlVR9waOsQ/sendMessage "HTTP/1.1 200 OK"
2025-11-16T04:31:25.602056128Z 2025-11-16 04:31:25,601 - __main__ - ERROR - Could not extract video ID from https://vt.tiktok.com/ZSyEJpMfF/
2025-11-16T04:31:25.784491039Z 2025-11-16 04:31:25,784 - httpx - INFO - HTTP Request: POST https://api.telegram.org/bot7806461656:AAFJLm-gOKgKrvPY06b0QTE1fKlVR9waOsQ/editMessageText "HTTP/1.1 200 OK"
2025-11-16T04:31:25.966857607Z 2025-11-16 04:31:25,966 - __main__ - ERROR - ttdownloader API failed: Expecting value: line 1 column 1 (char 0)
2025-11-16T04:31:26.144382784Z 2025-11-16 04:31:26,143 - httpx - INFO - HTTP Request: POST https://api.telegram.org/bot7806461656:AAFJLm-gOKgKrvPY06b0QTE1fKlVR9waOsQ/editMessageText "HTTP/1.1 200 OK"
2025-11-16T04:31:26.530104505Z 2025-11-16 04:31:26,529 - __main__ - ERROR - musicaldown API failed: Expecting value: line 1 column 1 (char 0)
2025-11-16T04:31:26.715133037Z 2025-11-16 04:31:26,714 - httpx - INFO - HTTP Request: POST https://api.telegram.org/bot7806461656:AAFJLm-gOKgKrvPY06b0QTE1fKlVR9waOsQ/editMessageText "HTTP/1.1 200 OK"
2025-11-16T04:31:26.898550776Z 2025-11-16 04:31:26,898 - httpx - INFO - HTTP Request: POST https://api.telegram.org/bot7806461656:AAFJLm-gOKgKrvPY06b0QTE1fKlVR9waOsQ/sendMessage "HTTP/1.1 200 OK"
2025-11-16T04:31:29.572323383Z ==> Detected service running on port 10000
2025-11-16T04:31:29.757938216Z ==> Docs on specifying a port: https://render.com/docs/web-services#port-binding
2025-11-16T04:31:33.934677508Z WARNING: [generic] Falling back on generic information extractor
2025-11-16T04:31:51.135528934Z ERROR: Unsupported URL: https://www.tiktok.com/@iamplatos/photo/7572567658327985415?_r=1&_t=ZS-91RBvMYGxtg
2025-11-16T04:31:51.162248162Z 2025-11-16 04:31:51,161 - __main__ - ERROR - Download error for https://vt.tiktok.com/ZSyEJpMfF/: list index out of range
2025-11-16T04:31:51.669464194Z 2025-11-16 04:31:51,669 - httpx - INFO - HTTP Request: POST https://api.telegram.org/bot7806461656:AAFJLm-gOKgKrvPY06b0QTE1fKlVR9waOsQ/editMessageText "HTTP/1.1 200 OK"
2025-11-16T04:31:56.052118055Z 2025-11-16 04:31:56,051 - httpx - INFO - HTTP Request: POST https://api.telegram.org/bot7806461656:AAFJLm-gOKgKrvPY06b0QTE1fKlVR9waOsQ/sendMessage "HTTP/1.1 200 OK"
2025-11-16T04:32:08.328645711Z 2025-11-16 04:32:08,328 - httpx - INFO - HTTP Request: POST https://api.telegram.org/bot7806461656:AAFJLm-gOKgKrvPY06b0QTE1fKlVR9waOsQ/sendMessage "HTTP/1.1 200 OK"
2025-11-16T04:32:12.715908209Z 2025-11-16 04:32:12,715 - httpx - INFO - HTTP Request: POST https://api.telegram.org/bot7806461656:AAFJLm-gOKgKrvPY06b0QTE1fKlVR9waOsQ/editMessageText "HTTP/1.1 200 OK"
2025-11-16T04:32:14.767555845Z 2025-11-16 04:32:14,767 - httpx - INFO - HTTP Request: POST https://api.telegram.org/bot7806461656:AAFJLm-gOKgKrvPY06b0QTE1fKlVR9waOsQ/editMessageText "HTTP/1.1 400 Bad Request"
2025-11-16T04:32:14.768032963Z 2025-11-16 04:32:14,767 - __main__ - ERROR - Error displaying PDF results: Button_data_invalid
2025-11-16T04:32:14.946122252Z 2025-11-16 04:32:14,945 - httpx - INFO - HTTP Request: POST https://api.telegram.org/bot7806461656:AAFJLm-gOKgKrvPY06b0QTE1fKlVR9waOsQ/editMessageText "HTTP/1.1 200 OK"
